TN:
SF:/home/antonov/photon_counting/csrc/include/utils.hpp
FN:33,_Z11cast_arraysIsdEvPPT_PPT0_ii
FN:61,_Z19dump_arrays_to_fileIsiEvPPT_iiSsSsT0_
FN:61,_Z19dump_arrays_to_fileIldEvPPT_iiSsSsT0_
FN:61,_Z19dump_arrays_to_fileIdiEvPPT_iiSsSsT0_
FN:93,_Z21load_arrays_from_fileIdEvPPT_Ssii
FN:93,_Z21load_arrays_from_fileIsEvPPT_Ssii
FNDA:14,_Z19dump_arrays_to_fileIsiEvPPT_iiSsSsT0_
FNDA:20,_Z19dump_arrays_to_fileIldEvPPT_iiSsSsT0_
FNDA:14,_Z11cast_arraysIsdEvPPT_PPT0_ii
FNDA:14,_Z21load_arrays_from_fileIdEvPPT_Ssii
FNDA:14,_Z19dump_arrays_to_fileIdiEvPPT_iiSsSsT0_
FNDA:56,_Z21load_arrays_from_fileIsEvPPT_Ssii
FNF:6
FNH:6
DA:33,14
DA:37,14
DA:39,28
DA:40,56
DA:41,42
DA:43,14
DA:61,48
DA:70,48
DA:71,48
DA:73,48
DA:74,220
DA:75,172
DA:76,752
DA:77,580
DA:79,48
DA:80,48
DA:93,70
DA:98,70
DA:99,140
DA:100,70
DA:103,140
DA:104,70
DA:105,434
DA:108,322
DA:109,322
DA:110,224
DA:112,728
DA:113,504
DA:114,504
DA:117,224
DA:120,322
DA:121,322
DA:123,56
DA:124,42
DA:126,84
DA:127,28
LF:36
LH:36
end_of_record
TN:
SF:/home/antonov/photon_counting/csrc/src/ia_ADQAPI.cpp
FN:10,GetMaxNofSamplesFromNofRecords
FN:16,GetMaxNofRecordsFromNofSamples
FN:23,master_setup
FN:74,fetch_digitiser_data
FNDA:47,fetch_digitiser_data
FNDA:14,GetMaxNofRecordsFromNofSamples
FNDA:7,GetMaxNofSamplesFromNofRecords
FNDA:30,master_setup
FNF:4
FNH:4
DA:10,7
DA:11,7
DA:12,7
DA:13,7
DA:16,14
DA:17,14
DA:18,14
DA:19,14
DA:23,30
DA:26,30
DA:27,30
DA:30,30
DA:31,30
DA:32,0
DA:37,30
DA:41,30
DA:44,30
DA:45,0
DA:46,0
DA:47,0
DA:50,30
DA:52,30
DA:53,30
DA:54,30
DA:56,0
DA:57,0
DA:59,0
DA:61,0
DA:63,30
DA:65,30
DA:66,30
DA:68,30
DA:74,47
DA:81,47
DA:82,47
DA:84,47
DA:85,442
DA:87,348
DA:88,348
DA:92,47
DA:93,47
DA:105,47
DA:106,47
DA:108,47
DA:109,47
LF:45
LH:37
end_of_record
TN:
SF:/home/antonov/photon_counting/csrc/src/power_kernel_cpu.cpp
FN:34,_Z17reduction_averagePPjPPdjii
FN:55,_Z19power_kernel_runnerPsS_PPjS_S_iiPi
FN:70,_ZN3CPU12power_kernelEPsS0_PPdjS0_S0_iii
FNDA:7,_Z17reduction_averagePPjPPdjii
FNDA:7,_ZN3CPU12power_kernelEPsS0_PPdjS0_S0_iii
FNDA:7,_Z19power_kernel_runnerPsS_PPjS_S_iiPi
FNF:3
FNH:3
DA:34,7
DA:39,28
DA:40,168
DA:41,147
DA:42,147
DA:43,147
DA:44,147
DA:45,147
DA:47,21
DA:48,21
DA:49,21
DA:50,21
DA:51,21
DA:53,7
DA:55,7
DA:60,175
DA:62,168
DA:63,168
DA:64,168
DA:65,168
DA:66,168
DA:68,7
DA:70,7
DA:78,7
DA:81,7
DA:82,42
DA:83,35
DA:86,7
DA:87,28
DA:88,189
DA:89,168
DA:94,7
DA:95,7
DA:96,7
DA:99,7
DA:100,0
DA:104,0
DA:105,0
DA:107,14
DA:111,7
DA:114,14
DA:115,7
DA:120,7
DA:123,42
DA:124,35
DA:125,7
DA:126,7
DA:127,7
LF:48
LH:45
end_of_record
TN:
SF:/home/antonov/photon_counting/csrc/src/power_kernel_gpu_utils.cpp
FN:17,_ZN3GPU21PowerKernelParametersC2Eiiii
FN:31,_ZN3GPU21PowerKernelParameters5printEv
FN:46,_ZN3GPU23fetch_kernel_parametersEv
FN:111,_ZN3GPU15allocate_memoryEPPsS1_PPS1_PPPPlS7_i
FN:180,_ZN3GPU11free_memoryEPsS0_PPS0_PPPlS5_i
FNDA:36,_ZN3GPU11free_memoryEPsS0_PPS0_PPPlS5_i
FNDA:28,_ZN3GPU21PowerKernelParametersC2Eiiii
FNDA:28,_ZN3GPU23fetch_kernel_parametersEv
FNDA:28,_ZN3GPU21PowerKernelParameters5printEv
FNDA:43,_ZN3GPU15allocate_memoryEPPsS1_PPS1_PPPPlS7_i
FNF:5
FNH:5
DA:17,28
DA:23,28
DA:24,28
DA:25,28
DA:26,28
DA:28,28
DA:29,28
DA:31,28
DA:32,28
DA:33,28
DA:35,28
DA:36,28
DA:37,28
DA:39,28
DA:40,28
DA:41,28
DA:43,28
DA:44,28
DA:46,28
DA:55,28
DA:56,28
DA:59,28
DA:60,28
DA:63,0
DA:64,0
DA:65,0
DA:66,0
DA:67,0
DA:68,0
DA:69,0
DA:108,28
DA:111,43
DA:116,43
DA:117,43
DA:118,43
DA:121,14
DA:122,14
DA:123,28
DA:124,21
DA:126,36
DA:129,36
DA:132,36
DA:133,36
DA:136,36
DA:137,36
DA:142,36
DA:143,32
DA:144,103
DA:146,71
DA:150,71
DA:151,71
DA:154,36
DA:156,36
DA:158,32
DA:159,32
DA:160,103
DA:161,71
DA:162,71
DA:163,355
DA:164,284
DA:167,284
DA:168,284
DA:171,284
DA:172,284
DA:177,36
DA:178,36
DA:180,36
DA:184,36
DA:185,36
DA:187,36
DA:188,36
DA:189,36
DA:190,36
DA:191,36
DA:193,36
DA:194,103
DA:195,71
DA:196,71
DA:197,71
DA:199,32
DA:201,36
DA:203,36
DA:204,103
DA:205,355
DA:206,284
DA:208,284
DA:209,284
DA:211,284
DA:212,284
DA:214,71
DA:215,71
DA:217,32
DA:218,32
DA:221,36
DA:222,36
LF:95
LH:88
end_of_record
TN:
SF:/home/antonov/photon_counting/csrc/src/power_pipeline.cpp
FN:32,_Z22process_digitiser_dataPsS_PPlPPS_PS1_S4_imSs
FN:52,_Z22run_power_measurementsPvmSs
FN:124,_Z41__static_initialization_and_destruction_0ii
FN:124,_GLOBAL__sub_I__Z22process_digitiser_dataPsS_PPlPPS_PS1_S4_imSs
FNDA:2,_Z41__static_initialization_and_destruction_0ii
FNDA:2,_GLOBAL__sub_I__Z22process_digitiser_dataPsS_PPlPPS_PS1_S4_imSs
FNDA:20,_Z22process_digitiser_dataPsS_PPlPPS_PS1_S4_imSs
FNDA:4,_Z22run_power_measurementsPvmSs
FNF:4
FNH:4
DA:32,20
DA:39,20
DA:41,20
DA:48,20
DA:50,20
DA:52,4
DA:55,8
DA:56,4
DA:59,4
DA:60,4
DA:61,8
DA:62,4
DA:63,8
DA:64,4
DA:65,8
DA:66,6
DA:72,2
DA:73,2
DA:74,2
DA:78,2
DA:79,2
DA:80,12
DA:81,10
DA:84,6
DA:85,2
DA:88,2
DA:89,20
DA:91,18
DA:93,72
DA:95,36
DA:96,18
DA:98,72
DA:99,36
DA:103,18
DA:104,18
DA:105,18
DA:107,2
DA:110,4
DA:114,6
DA:117,2
DA:118,2
DA:119,2
DA:120,2
DA:121,12
DA:122,10
DA:123,6
DA:124,8
LF:47
LH:47
end_of_record
TN:
SF:/home/antonov/photon_counting/csrc/src/progress_bar.cpp
FN:3,_ZN11ProgressBarC2Ev
FN:5,_ZN11ProgressBarC2EmPKcRSo
FN:18,_ZN11ProgressBar18SetFrequencyUpdateEm
FN:28,_ZN11ProgressBar8SetStyleEPKcS1_
FN:34,_ZN11ProgressBar15GetConsoleWidthEv
FN:51,_ZN11ProgressBar12GetBarLengthEv
FN:60,_ZN11ProgressBar13ClearBarFieldEv
FN:68,_ZN11ProgressBar10ProgressedEm
FN:104,_Z41__static_initialization_and_destruction_0ii
FN:104,_GLOBAL__sub_I__ZN11ProgressBarC2Ev
FNDA:7,_Z41__static_initialization_and_destruction_0ii
FNDA:707,_ZN11ProgressBar10ProgressedEm
FNDA:35,_ZN11ProgressBar12GetBarLengthEv
FNDA:35,_ZN11ProgressBar15GetConsoleWidthEv
FNDA:7,_GLOBAL__sub_I__ZN11ProgressBarC2Ev
FNDA:7,_ZN11ProgressBarC2Ev
FNDA:0,_ZN11ProgressBar13ClearBarFieldEv
FNDA:14,_ZN11ProgressBar18SetFrequencyUpdateEm
FNDA:7,_ZN11ProgressBar8SetStyleEPKcS1_
FNDA:14,_ZN11ProgressBarC2EmPKcRSo
FNF:10
FNH:9
DA:3,7
DA:5,14
DA:7,14
DA:8,14
DA:9,14
DA:10,14
DA:12,14
DA:13,14
DA:14,14
DA:16,14
DA:18,14
DA:20,14
DA:21,7
DA:24,7
DA:26,14
DA:28,7
DA:30,7
DA:31,7
DA:32,7
DA:34,35
DA:44,35
DA:45,35
DA:48,35
DA:51,35
DA:55,35
DA:57,35
DA:60,0
DA:62,0
DA:63,0
DA:65,0
DA:66,0
DA:68,707
DA:71,707
DA:74,1414
DA:77,35
DA:80,35
DA:83,35
DA:86,35
DA:88,3815
DA:89,3780
DA:90,2261
DA:93,1519
DA:97,35
DA:99,0
DA:100,0
DA:101,0
DA:104,21
LF:47
LH:39
end_of_record
TN:
SF:/home/antonov/photon_counting/csrc/src/utils.cpp
FN:8,_Z16seconds_to_hoursi
FN:15,_Z15float_to_stringfi
FNDA:7,_Z15float_to_stringfi
FNDA:7,_Z16seconds_to_hoursi
FNF:2
FNH:2
DA:8,7
DA:9,7
DA:10,7
DA:12,7
DA:15,7
DA:16,7
DA:17,7
DA:18,7
LF:8
LH:8
end_of_record
TN:
SF:/home/antonov/photon_counting/csrc/src/utils_gpu.cpp
FN:9,_Z20fetch_gpu_parametersv
FNDA:35,_Z20fetch_gpu_parametersv
FNF:1
FNH:1
DA:9,35
DA:13,35
DA:15,35
DA:16,35
DA:17,35
DA:18,35
DA:19,35
DA:20,35
DA:21,35
DA:22,35
DA:25,0
DA:27,35
DA:28,35
DA:29,0
DA:32,35
DA:35,35
DA:37,35
DA:44,35
DA:45,35
DA:46,35
DA:48,35
DA:49,35
DA:50,35
DA:53,0
DA:55,35
DA:57,35
DA:63,35
DA:64,35
DA:65,35
DA:67,35
DA:70,35
DA:73,35
DA:75,35
LF:33
LH:30
end_of_record
