TN:
SF:/home/antonov/photon_counting/csrc/include/utils.hpp
FN:24,_Z11cast_arraysIsdEvPPT_PPT0_ii
FN:43,_Z19dump_arrays_to_fileIsEvPPT_iiSsSs
FN:43,_Z19dump_arrays_to_fileIdEvPPT_iiSsSs
FN:76,_Z21load_arrays_from_fileIdEvPPT_Ssii
FN:76,_Z21load_arrays_from_fileIsEvPPT_Ssii
FNDA:8,_Z19dump_arrays_to_fileIsEvPPT_iiSsSs
FNDA:8,_Z19dump_arrays_to_fileIdEvPPT_iiSsSs
FNDA:8,_Z11cast_arraysIsdEvPPT_PPT0_ii
FNDA:8,_Z21load_arrays_from_fileIdEvPPT_Ssii
FNDA:32,_Z21load_arrays_from_fileIsEvPPT_Ssii
FNF:5
FNH:5
DA:24,8
DA:34,8
DA:36,16
DA:37,32
DA:38,24
DA:40,8
DA:43,16
DA:63,16
DA:64,16
DA:66,16
DA:67,80
DA:68,64
DA:69,224
DA:70,160
DA:72,16
DA:73,16
DA:76,40
DA:92,40
DA:93,80
DA:94,40
DA:97,80
DA:98,40
DA:99,248
DA:102,184
DA:103,184
DA:104,128
DA:106,416
DA:107,288
DA:108,288
DA:111,128
DA:114,184
DA:115,184
DA:117,32
DA:118,8
DA:120,24
DA:121,8
DA:125,8
DA:126,40
DA:127,16
LF:39
LH:39
end_of_record
TN:
SF:/home/antonov/photon_counting/csrc/src/ia_ADQAPI.cpp
FN:10,GetMaxNofSamplesFromNofRecords
FN:16,GetMaxNofRecordsFromNofSamples
FN:23,master_setup
FN:74,fetch_channel_data
FNDA:8,fetch_channel_data
FNDA:16,GetMaxNofRecordsFromNofSamples
FNDA:8,GetMaxNofSamplesFromNofRecords
FNDA:24,master_setup
FNF:4
FNH:4
DA:10,8
DA:11,8
DA:12,8
DA:13,8
DA:16,16
DA:17,16
DA:18,16
DA:19,16
DA:23,24
DA:26,24
DA:27,24
DA:30,24
DA:31,24
DA:32,0
DA:37,24
DA:41,24
DA:44,24
DA:45,0
DA:46,0
DA:47,0
DA:50,24
DA:52,24
DA:53,24
DA:54,24
DA:56,0
DA:57,0
DA:59,0
DA:61,0
DA:63,24
DA:65,24
DA:66,24
DA:68,24
DA:74,8
DA:81,8
DA:82,8
DA:84,8
DA:85,48
DA:87,32
DA:88,32
DA:92,8
DA:93,8
DA:105,8
DA:106,8
DA:108,8
DA:109,8
LF:45
LH:37
end_of_record
TN:
SF:/home/antonov/photon_counting/csrc/src/power_kernel_cpu.cpp
FN:34,_Z17reduction_averagePPjPPdjii
FN:55,_Z19power_kernel_runnerPsS_PPjS_S_iiPi
FN:70,_ZN3CPU12power_kernelEPsS0_PPdjS0_S0_iii
FNDA:4,_Z17reduction_averagePPjPPdjii
FNDA:4,_ZN3CPU12power_kernelEPsS0_PPdjS0_S0_iii
FNDA:4,_Z19power_kernel_runnerPsS_PPjS_S_iiPi
FNF:3
FNH:3
DA:34,4
DA:39,16
DA:40,96
DA:41,84
DA:42,84
DA:43,84
DA:44,84
DA:45,84
DA:47,12
DA:48,12
DA:49,12
DA:50,12
DA:51,12
DA:53,4
DA:55,4
DA:60,100
DA:62,96
DA:63,96
DA:64,96
DA:65,96
DA:66,96
DA:68,4
DA:70,4
DA:78,4
DA:81,4
DA:82,24
DA:83,20
DA:86,4
DA:87,16
DA:88,108
DA:89,96
DA:94,4
DA:95,4
DA:96,4
DA:99,4
DA:100,0
DA:104,0
DA:105,0
DA:107,8
DA:111,4
DA:114,8
DA:115,4
DA:120,4
DA:123,24
DA:124,20
DA:125,4
DA:126,4
DA:127,4
LF:48
LH:45
end_of_record
TN:
SF:/home/antonov/photon_counting/csrc/src/power_kernel_gpu_utils.cpp
FN:17,_ZN3GPU21PowerKernelParametersC2Eiiii
FN:31,_ZN3GPU21PowerKernelParameters5printEv
FN:46,_ZN3GPU23fetch_kernel_parametersEv
FN:111,_ZN3GPU15allocate_memoryEPPsS1_PPS1_PPPPlS7_i
FN:173,_ZN3GPU11free_memoryEPPsS1_PS1_PPPlS5_i
FNDA:18,_ZN3GPU11free_memoryEPPsS1_PS1_PPPlS5_i
FNDA:18,_ZN3GPU21PowerKernelParametersC2Eiiii
FNDA:18,_ZN3GPU23fetch_kernel_parametersEv
FNDA:18,_ZN3GPU21PowerKernelParameters5printEv
FNDA:23,_ZN3GPU15allocate_memoryEPPsS1_PPS1_PPPPlS7_i
FNF:5
FNH:5
DA:17,18
DA:23,18
DA:24,18
DA:25,18
DA:26,18
DA:28,18
DA:29,18
DA:31,18
DA:32,18
DA:33,18
DA:35,18
DA:36,18
DA:37,18
DA:39,18
DA:40,18
DA:41,18
DA:43,18
DA:44,18
DA:46,18
DA:55,18
DA:56,18
DA:59,18
DA:60,18
DA:63,0
DA:64,0
DA:65,0
DA:66,0
DA:67,0
DA:68,0
DA:69,0
DA:108,18
DA:111,23
DA:116,23
DA:117,23
DA:118,23
DA:121,8
DA:122,8
DA:123,16
DA:124,12
DA:126,19
DA:131,19
DA:134,19
DA:135,19
DA:139,19
DA:140,53
DA:142,34
DA:146,34
DA:147,34
DA:149,19
DA:152,19
DA:153,19
DA:154,53
DA:155,34
DA:156,34
DA:157,170
DA:158,136
DA:161,136
DA:162,136
DA:165,136
DA:166,136
DA:170,19
DA:171,19
DA:173,18
DA:177,18
DA:178,18
DA:180,18
DA:181,18
DA:182,18
DA:184,48
DA:185,30
DA:186,30
DA:187,30
DA:189,18
DA:190,18
DA:192,48
DA:193,150
DA:194,120
DA:196,120
DA:197,120
DA:199,120
DA:200,120
DA:202,30
DA:203,30
DA:205,18
DA:206,18
DA:208,18
DA:209,18
LF:87
LH:80
end_of_record
TN:
SF:/home/antonov/photon_counting/csrc/src/progress_bar.cpp
FN:3,_ZN11ProgressBarC2Ev
FN:5,_ZN11ProgressBarC2EmPKcRSo
FN:18,_ZN11ProgressBar18SetFrequencyUpdateEm
FN:28,_ZN11ProgressBar8SetStyleEPKcS1_
FN:34,_ZN11ProgressBar15GetConsoleWidthEv
FN:51,_ZN11ProgressBar12GetBarLengthEv
FN:60,_ZN11ProgressBar13ClearBarFieldEv
FN:68,_ZN11ProgressBar10ProgressedEm
FN:104,_Z41__static_initialization_and_destruction_0ii
FN:104,_GLOBAL__sub_I__ZN11ProgressBarC2Ev
FNDA:22,_Z41__static_initialization_and_destruction_0ii
FNDA:808,_ZN11ProgressBar10ProgressedEm
FNDA:40,_ZN11ProgressBar12GetBarLengthEv
FNDA:40,_ZN11ProgressBar15GetConsoleWidthEv
FNDA:22,_GLOBAL__sub_I__ZN11ProgressBarC2Ev
FNDA:8,_ZN11ProgressBarC2Ev
FNDA:0,_ZN11ProgressBar13ClearBarFieldEv
FNDA:16,_ZN11ProgressBar18SetFrequencyUpdateEm
FNDA:8,_ZN11ProgressBar8SetStyleEPKcS1_
FNDA:16,_ZN11ProgressBarC2EmPKcRSo
FNF:10
FNH:9
DA:3,8
DA:5,16
DA:7,16
DA:8,16
DA:9,16
DA:10,16
DA:12,16
DA:13,16
DA:14,16
DA:16,16
DA:18,16
DA:20,16
DA:21,8
DA:24,8
DA:26,16
DA:28,8
DA:30,8
DA:31,8
DA:32,8
DA:34,40
DA:44,40
DA:45,40
DA:48,40
DA:51,40
DA:55,40
DA:57,40
DA:60,0
DA:62,0
DA:63,0
DA:65,0
DA:66,0
DA:68,808
DA:71,808
DA:74,1616
DA:77,40
DA:80,40
DA:83,40
DA:86,40
DA:88,4360
DA:89,4320
DA:90,2584
DA:93,1736
DA:97,40
DA:99,0
DA:100,0
DA:101,0
DA:104,66
LF:47
LH:39
end_of_record
TN:
SF:/home/antonov/photon_counting/csrc/src/utils.cpp
FN:6,_Z16seconds_to_hoursi
FN:17,_Z15float_to_stringfi
FNDA:8,_Z15float_to_stringfi
FNDA:8,_Z16seconds_to_hoursi
FNF:2
FNH:2
DA:6,8
DA:11,8
DA:12,8
DA:14,8
DA:17,8
DA:21,8
DA:22,8
DA:23,8
LF:8
LH:8
end_of_record
TN:
SF:/home/antonov/photon_counting/csrc/src/utils_gpu.cpp
FN:9,_Z20fetch_gpu_parametersv
FNDA:46,_Z20fetch_gpu_parametersv
FNF:1
FNH:1
DA:9,46
DA:13,46
DA:15,46
DA:16,46
DA:17,46
DA:18,46
DA:19,46
DA:20,46
DA:21,46
DA:22,46
DA:25,0
DA:27,46
DA:28,46
DA:29,0
DA:32,46
DA:35,46
DA:37,46
DA:44,46
DA:45,46
DA:46,46
DA:48,46
DA:49,46
DA:50,46
DA:53,0
DA:55,46
DA:57,46
DA:63,46
DA:64,46
DA:65,46
DA:67,46
DA:70,46
DA:73,46
DA:75,46
LF:33
LH:30
end_of_record
