TN:
SF:/home/antonov/photon_counting/csrc/include/utils.hpp
FN:24,_Z11cast_arraysIsdEvPPT_PPT0_ii
FN:43,_Z19dump_arrays_to_fileIsEvPPT_iiSsSs
FN:43,_Z19dump_arrays_to_fileIdEvPPT_iiSsSs
FN:76,_Z21load_arrays_from_fileIdEvPPT_Ssii
FN:76,_Z21load_arrays_from_fileIsEvPPT_Ssii
FNDA:1,_Z19dump_arrays_to_fileIsEvPPT_iiSsSs
FNDA:1,_Z19dump_arrays_to_fileIdEvPPT_iiSsSs
FNDA:1,_Z11cast_arraysIsdEvPPT_PPT0_ii
FNDA:1,_Z21load_arrays_from_fileIdEvPPT_Ssii
FNDA:4,_Z21load_arrays_from_fileIsEvPPT_Ssii
FNF:5
FNH:5
DA:24,1
DA:34,1
DA:36,2
DA:37,4
DA:38,3
DA:40,1
DA:43,2
DA:63,2
DA:64,2
DA:66,2
DA:67,10
DA:68,8
DA:69,28
DA:70,20
DA:72,2
DA:73,2
DA:76,5
DA:92,5
DA:93,10
DA:94,5
DA:97,10
DA:98,5
DA:99,31
DA:102,23
DA:103,23
DA:104,16
DA:106,52
DA:107,36
DA:108,36
DA:111,16
DA:114,23
DA:115,23
DA:117,4
DA:118,1
DA:120,3
DA:121,1
DA:125,1
DA:126,5
DA:127,2
LF:39
LH:39
end_of_record
TN:
SF:/home/antonov/photon_counting/csrc/src/ia_ADQAPI.cpp
FN:10,GetMaxNofSamplesFromNofRecords
FN:16,GetMaxNofRecordsFromNofSamples
FN:23,master_setup
FN:74,fetch_channel_data
FNDA:1,fetch_channel_data
FNDA:2,GetMaxNofRecordsFromNofSamples
FNDA:1,GetMaxNofSamplesFromNofRecords
FNDA:3,master_setup
FNF:4
FNH:4
DA:10,1
DA:11,1
DA:12,1
DA:13,1
DA:16,2
DA:17,2
DA:18,2
DA:19,2
DA:23,3
DA:26,3
DA:27,3
DA:30,3
DA:31,3
DA:32,0
DA:37,3
DA:41,3
DA:44,3
DA:45,0
DA:46,0
DA:47,0
DA:50,3
DA:52,3
DA:53,3
DA:54,3
DA:56,0
DA:57,0
DA:59,0
DA:61,0
DA:63,3
DA:65,3
DA:66,3
DA:68,3
DA:74,1
DA:81,1
DA:82,1
DA:84,1
DA:85,6
DA:87,4
DA:88,4
DA:92,1
DA:93,1
DA:105,1
DA:106,1
DA:108,1
DA:109,1
LF:45
LH:37
end_of_record
TN:
SF:/home/antonov/photon_counting/csrc/src/power_kernel_cpu.cpp
FN:13,_Z17reduction_averagePPjPPdjii
FN:55,_Z36power_kernel_v1_no_background_runnerPsS_PPjii
FN:69,_ZN3CPU29power_kernel_v1_no_backgroundEPsS0_PPdjiii
FN:120,_Z39power_kernel_v2_const_background_runnerPsS_PPjssii
FN:134,_ZN3CPU32power_kernel_v2_const_backgroundEPsS0_PPdjssiii
FN:189,_Z33power_kernel_v3_background_runnerPsS_PPjS_S_iiPi
FN:204,_ZN3CPU26power_kernel_v3_backgroundEPsS0_PPdjS0_S0_iii
FN:261,_Z41__static_initialization_and_destruction_0ii
FN:261,_GLOBAL__sub_I__Z17reduction_averagePPjPPdjii
FNDA:2,_Z41__static_initialization_and_destruction_0ii
FNDA:2,_ZN3CPU32power_kernel_v2_const_backgroundEPsS0_PPdjssiii
FNDA:2,_ZN3CPU29power_kernel_v1_no_backgroundEPsS0_PPdjiii
FNDA:20,_Z39power_kernel_v2_const_background_runnerPsS_PPjssii
FNDA:8,_Z36power_kernel_v1_no_background_runnerPsS_PPjii
FNDA:2,_GLOBAL__sub_I__Z17reduction_averagePPjPPdjii
FNDA:6,_Z17reduction_averagePPjPPdjii
FNDA:2,_Z33power_kernel_v3_background_runnerPsS_PPjS_S_iiPi
FNDA:2,_ZN3CPU26power_kernel_v3_backgroundEPsS0_PPdjS0_S0_iii
FNF:9
FNH:9
DA:13,6
DA:39,24
DA:40,72
DA:41,54
DA:42,54
DA:43,54
DA:44,54
DA:45,54
DA:47,18
DA:48,18
DA:49,18
DA:50,18
DA:51,18
DA:53,6
DA:55,8
DA:59,32
DA:60,24
DA:61,24
DA:62,24
DA:63,24
DA:64,24
DA:67,8
DA:69,2
DA:79,2
DA:82,2
DA:83,12
DA:84,10
DA:87,2
DA:88,2
DA:89,2
DA:92,8
DA:93,12
DA:96,12
DA:97,6
DA:99,4
DA:102,2
DA:105,10
DA:106,8
DA:111,2
DA:114,12
DA:115,10
DA:116,2
DA:117,2
DA:118,2
DA:120,20
DA:125,44
DA:126,24
DA:127,24
DA:128,24
DA:129,24
DA:130,24
DA:132,20
DA:134,2
DA:145,2
DA:148,2
DA:149,12
DA:150,10
DA:153,2
DA:154,2
DA:155,2
DA:158,20
DA:159,36
DA:163,36
DA:164,18
DA:166,4
DA:170,2
DA:173,22
DA:174,20
DA:179,2
DA:182,12
DA:183,10
DA:184,2
DA:185,2
DA:187,2
DA:189,2
DA:194,26
DA:196,24
DA:197,24
DA:198,24
DA:199,24
DA:200,24
DA:202,2
DA:204,2
DA:212,2
DA:215,2
DA:216,12
DA:217,10
DA:220,2
DA:221,8
DA:222,30
DA:223,24
DA:228,2
DA:229,2
DA:230,2
DA:233,2
DA:234,0
DA:238,0
DA:239,0
DA:241,4
DA:245,2
DA:248,4
DA:249,2
DA:254,2
DA:257,12
DA:258,10
DA:259,2
DA:260,2
DA:261,8
LF:108
LH:105
end_of_record
TN:
SF:/home/antonov/photon_counting/csrc/src/power_kernel_gpu_utils.cpp
FN:16,_ZN3GPU21PowerKernelParametersC2Eiiii
FN:30,_ZN3GPU21PowerKernelParameters5printEv
FN:45,_ZN3GPU23fetch_kernel_parametersEv
FN:112,_ZN3GPU2V115allocate_memoryEPPPsPPPd
FN:129,_ZN3GPU2V111free_memoryEPPPsPPPd
FN:144,_ZN3GPU2V215allocate_memoryEPPPsS3_PPPdS6_S6_S6_
FN:180,_ZN3GPU2V211free_memoryEPPPsS3_PPPdS6_S6_S6_
FNDA:1,_ZN3GPU21PowerKernelParametersC2Eiiii
FNDA:1,_ZN3GPU23fetch_kernel_parametersEv
FNDA:1,_ZN3GPU21PowerKernelParameters5printEv
FNDA:0,_ZN3GPU2V211free_memoryEPPPsS3_PPPdS6_S6_S6_
FNDA:0,_ZN3GPU2V215allocate_memoryEPPPsS3_PPPdS6_S6_S6_
FNDA:4,_ZN3GPU2V115allocate_memoryEPPPsPPPd
FNDA:4,_ZN3GPU2V111free_memoryEPPPsPPPd
FNF:7
FNH:5
DA:16,1
DA:22,1
DA:23,1
DA:24,1
DA:25,1
DA:27,1
DA:28,1
DA:30,1
DA:31,1
DA:32,1
DA:34,1
DA:35,1
DA:36,1
DA:38,1
DA:39,1
DA:40,1
DA:42,1
DA:43,1
DA:45,1
DA:54,1
DA:55,1
DA:56,1
DA:58,1
DA:59,1
DA:60,1
DA:63,0
DA:64,0
DA:65,0
DA:66,0
DA:67,0
DA:68,0
DA:69,0
DA:96,1
DA:97,1
DA:98,1
DA:101,0
DA:109,1
DA:112,4
DA:114,4
DA:115,4
DA:118,4
DA:119,4
DA:122,20
DA:123,16
DA:124,4
DA:126,4
DA:127,4
DA:129,4
DA:131,4
DA:132,4
DA:133,4
DA:134,4
DA:136,20
DA:137,16
DA:139,4
DA:141,4
DA:142,4
DA:144,0
DA:152,0
DA:154,0
DA:157,0
DA:158,0
DA:159,0
DA:160,0
DA:163,0
DA:164,0
DA:165,0
DA:166,0
DA:168,0
DA:170,0
DA:171,0
DA:173,0
DA:174,0
DA:177,0
DA:178,0
DA:180,0
DA:184,0
DA:186,0
DA:187,0
DA:188,0
DA:189,0
DA:190,0
DA:192,0
DA:193,0
DA:194,0
DA:195,0
DA:197,0
DA:198,0
DA:199,0
DA:202,0
DA:203,0
LF:91
LH:49
end_of_record
TN:
SF:/home/antonov/photon_counting/csrc/src/progress_bar.cpp
FN:3,_ZN11ProgressBarC2Ev
FN:5,_ZN11ProgressBarC2EmPKcRSo
FN:18,_ZN11ProgressBar18SetFrequencyUpdateEm
FN:28,_ZN11ProgressBar8SetStyleEPKcS1_
FN:34,_ZN11ProgressBar15GetConsoleWidthEv
FN:51,_ZN11ProgressBar12GetBarLengthEv
FN:60,_ZN11ProgressBar13ClearBarFieldEv
FN:68,_ZN11ProgressBar10ProgressedEm
FN:104,_Z41__static_initialization_and_destruction_0ii
FN:104,_GLOBAL__sub_I__ZN11ProgressBarC2Ev
FNDA:1,_Z41__static_initialization_and_destruction_0ii
FNDA:101,_ZN11ProgressBar10ProgressedEm
FNDA:5,_ZN11ProgressBar12GetBarLengthEv
FNDA:5,_ZN11ProgressBar15GetConsoleWidthEv
FNDA:1,_GLOBAL__sub_I__ZN11ProgressBarC2Ev
FNDA:1,_ZN11ProgressBarC2Ev
FNDA:0,_ZN11ProgressBar13ClearBarFieldEv
FNDA:2,_ZN11ProgressBar18SetFrequencyUpdateEm
FNDA:1,_ZN11ProgressBar8SetStyleEPKcS1_
FNDA:2,_ZN11ProgressBarC2EmPKcRSo
FNF:10
FNH:9
DA:3,1
DA:5,2
DA:7,2
DA:8,2
DA:9,2
DA:10,2
DA:12,2
DA:13,2
DA:14,2
DA:16,2
DA:18,2
DA:20,2
DA:21,1
DA:24,1
DA:26,2
DA:28,1
DA:30,1
DA:31,1
DA:32,1
DA:34,5
DA:44,5
DA:45,5
DA:48,5
DA:51,5
DA:55,5
DA:57,5
DA:60,0
DA:62,0
DA:63,0
DA:65,0
DA:66,0
DA:68,101
DA:71,101
DA:74,202
DA:77,5
DA:80,5
DA:83,5
DA:86,5
DA:88,545
DA:89,540
DA:90,323
DA:93,217
DA:97,5
DA:99,0
DA:100,0
DA:101,0
DA:104,3
LF:47
LH:39
end_of_record
TN:
SF:/home/antonov/photon_counting/csrc/src/utils.cpp
FN:6,_Z16seconds_to_hoursi
FN:17,_Z15float_to_stringfi
FNDA:1,_Z15float_to_stringfi
FNDA:1,_Z16seconds_to_hoursi
FNF:2
FNH:2
DA:6,1
DA:11,1
DA:12,1
DA:14,1
DA:17,1
DA:21,1
DA:22,1
DA:23,1
LF:8
LH:8
end_of_record
TN:
SF:/home/antonov/photon_counting/csrc/src/utils_gpu.cpp
FN:9,_Z20fetch_gpu_parametersv
FNDA:2,_Z20fetch_gpu_parametersv
FNF:1
FNH:1
DA:9,2
DA:13,2
DA:15,2
DA:16,2
DA:17,2
DA:18,2
DA:19,2
DA:20,2
DA:21,2
DA:22,2
DA:25,0
DA:27,2
DA:28,2
DA:29,0
DA:32,2
DA:35,2
DA:37,2
DA:44,2
DA:45,2
DA:46,2
DA:48,2
DA:49,2
DA:50,2
DA:53,0
DA:55,2
DA:57,2
DA:63,2
DA:64,2
DA:65,2
DA:67,2
DA:70,2
DA:73,2
DA:75,2
LF:33
LH:30
end_of_record
