TN:
SF:/home/antonov/photon_counting/c_lib/includes/power_kernel.hpp
FN:91,_ZN3GPU21PowerKernelParametersD2Ev
FNDA:2,_ZN3GPU21PowerKernelParametersD2Ev
FNF:1
FNH:1
DA:91,2
LF:1
LH:1
end_of_record
TN:
SF:/home/antonov/photon_counting/c_lib/includes/utils.hpp
FN:17,_Z11cast_arraysIsdEvPPT_PPT0_ii
FN:36,_Z19dump_arrays_to_fileIsEvPPT_iiSsSs
FN:36,_Z19dump_arrays_to_fileIdEvPPT_iiSsSs
FN:36,_Z19dump_arrays_to_fileIfEvPPT_iiSsSs
FN:69,_Z21load_arrays_from_fileIdEvPPT_Ssii
FN:69,_Z21load_arrays_from_fileIsEvPPT_Ssii
FNDA:2,_Z19dump_arrays_to_fileIsEvPPT_iiSsSs
FNDA:2,_Z19dump_arrays_to_fileIdEvPPT_iiSsSs
FNDA:2,_Z11cast_arraysIsdEvPPT_PPT0_ii
FNDA:2,_Z21load_arrays_from_fileIdEvPPT_Ssii
FNDA:2,_Z19dump_arrays_to_fileIfEvPPT_iiSsSs
FNDA:8,_Z21load_arrays_from_fileIsEvPPT_Ssii
FNF:6
FNH:6
DA:17,2
DA:27,2
DA:29,4
DA:30,8
DA:31,6
DA:33,2
DA:36,6
DA:56,6
DA:57,6
DA:59,6
DA:60,30
DA:61,24
DA:62,80
DA:63,56
DA:65,6
DA:66,6
DA:69,10
DA:85,10
DA:86,20
DA:87,10
DA:90,20
DA:91,10
DA:92,62
DA:95,46
DA:96,46
DA:97,32
DA:99,104
DA:100,72
DA:101,72
DA:104,32
DA:107,46
DA:108,46
DA:110,8
DA:111,2
DA:113,6
DA:114,2
DA:118,2
DA:119,10
DA:120,4
LF:39
LH:39
end_of_record
TN:
SF:/home/antonov/photon_counting/c_lib/src/gpu_utils.cpp
FN:12,_Z20fetch_gpu_parametersv
FNDA:4,_Z20fetch_gpu_parametersv
FNF:1
FNH:1
DA:12,4
DA:15,4
DA:17,4
DA:18,4
DA:19,4
DA:20,4
DA:21,4
DA:22,4
DA:23,4
DA:24,4
DA:27,0
DA:29,4
DA:30,4
DA:31,0
DA:34,4
DA:37,4
DA:43,4
DA:45,4
DA:46,4
DA:47,4
DA:49,4
DA:51,4
DA:57,4
DA:58,4
DA:59,4
DA:61,4
DA:64,4
DA:67,4
DA:68,4
DA:70,4
LF:30
LH:28
end_of_record
TN:
SF:/home/antonov/photon_counting/c_lib/src/ia_ADQAPI.cpp
FN:10,GetMaxNofSamplesFromNofRecords
FN:16,GetMaxNofRecordsFromNofSamples
FN:23,master_setup
FN:74,fetch_channel_data
FNDA:2,fetch_channel_data
FNDA:4,GetMaxNofRecordsFromNofSamples
FNDA:2,GetMaxNofSamplesFromNofRecords
FNDA:6,master_setup
FNF:4
FNH:4
DA:10,2
DA:11,2
DA:12,2
DA:13,2
DA:16,4
DA:17,4
DA:18,4
DA:19,4
DA:23,6
DA:26,6
DA:27,6
DA:30,6
DA:31,6
DA:32,0
DA:37,6
DA:41,6
DA:44,6
DA:45,0
DA:46,0
DA:47,0
DA:50,6
DA:52,6
DA:53,6
DA:54,6
DA:56,0
DA:57,0
DA:59,0
DA:61,0
DA:63,6
DA:65,6
DA:66,6
DA:68,6
DA:74,2
DA:81,2
DA:82,2
DA:84,2
DA:85,12
DA:87,8
DA:88,8
DA:92,2
DA:93,2
DA:105,2
DA:106,2
DA:108,2
DA:109,2
LF:45
LH:37
end_of_record
TN:
SF:/home/antonov/photon_counting/c_lib/src/power_kernel_cpu.cpp
FN:13,_Z36power_kernel_v1_no_background_runnerPsS_Pjii
FN:22,_ZN3CPU12power_kernelEPsS0_Pjii
FN:53,_Z39power_kernel_v2_const_background_runnerPsS_Pjssii
FN:65,_ZN3CPU12power_kernelEPsS0_Pjssii
FN:99,_Z33power_kernel_v3_background_runnerPsS_PjS_S_ii
FN:111,_ZN3CPU12power_kernelEPsS0_PjS0_S0_ii
FN:139,_Z41__static_initialization_and_destruction_0ii
FN:139,_GLOBAL__sub_I__Z36power_kernel_v1_no_background_runnerPsS_Pjii
FNDA:2,_Z41__static_initialization_and_destruction_0ii
FNDA:2,_ZN3CPU12power_kernelEPsS0_Pjii
FNDA:20,_Z39power_kernel_v2_const_background_runnerPsS_Pjssii
FNDA:2,_GLOBAL__sub_I__Z36power_kernel_v1_no_background_runnerPsS_Pjii
FNDA:8,_Z36power_kernel_v1_no_background_runnerPsS_Pjii
FNDA:2,_Z33power_kernel_v3_background_runnerPsS_PjS_S_ii
FNDA:2,_ZN3CPU12power_kernelEPsS0_Pjssii
FNDA:2,_ZN3CPU12power_kernelEPsS0_PjS0_S0_ii
FNF:8
FNH:8
DA:13,8
DA:17,26
DA:18,18
DA:20,8
DA:22,2
DA:30,2
DA:31,2
DA:32,2
DA:35,8
DA:36,12
DA:39,12
DA:40,6
DA:42,4
DA:45,2
DA:48,10
DA:49,8
DA:50,2
DA:51,2
DA:53,20
DA:58,38
DA:59,18
DA:60,18
DA:61,18
DA:63,20
DA:65,2
DA:74,2
DA:75,2
DA:76,2
DA:79,20
DA:80,36
DA:84,36
DA:85,18
DA:87,4
DA:91,2
DA:94,22
DA:95,20
DA:96,2
DA:97,2
DA:99,2
DA:104,20
DA:105,18
DA:106,18
DA:107,18
DA:109,2
DA:111,2
DA:116,2
DA:117,2
DA:118,2
DA:121,2
DA:122,0
DA:126,0
DA:127,0
DA:129,4
DA:133,2
DA:136,4
DA:137,2
DA:138,2
DA:139,8
LF:58
LH:55
end_of_record
TN:
SF:/home/antonov/photon_counting/c_lib/src/power_kernel_gpu_utils.cpp
FN:12,_ZN3GPU21PowerKernelParametersC2EiiSsii
FN:28,_ZN3GPU21PowerKernelParameters5printEv
FN:44,_ZN3GPU23fetch_kernel_parametersEv
FN:56,_ZN3GPU22allocate_memory_on_gpuEPPsS1_PPf
FN:79,_ZN3GPU18free_memory_on_gpuEPPsS1_PPf
FNDA:4,_ZN3GPU22allocate_memory_on_gpuEPPsS1_PPf
FNDA:2,_ZN3GPU23fetch_kernel_parametersEv
FNDA:2,_ZN3GPU21PowerKernelParameters5printEv
FNDA:4,_ZN3GPU18free_memory_on_gpuEPPsS1_PPf
FNDA:2,_ZN3GPU21PowerKernelParametersC2EiiSsii
FNF:5
FNH:5
DA:12,2
DA:18,2
DA:19,2
DA:20,2
DA:21,2
DA:22,2
DA:23,2
DA:25,2
DA:26,2
DA:28,2
DA:29,2
DA:30,2
DA:32,2
DA:33,2
DA:34,2
DA:36,2
DA:37,2
DA:38,2
DA:39,2
DA:41,2
DA:42,2
DA:44,2
DA:52,2
DA:56,4
DA:62,4
DA:64,4
DA:66,4
DA:68,4
DA:70,4
DA:72,4
DA:73,0
DA:75,4
DA:76,4
DA:79,4
DA:85,4
DA:87,4
DA:88,4
DA:89,4
DA:90,4
DA:91,4
DA:92,0
DA:94,4
DA:95,4
LF:43
LH:41
end_of_record
TN:
SF:/home/antonov/photon_counting/c_lib/src/progress_bar.cpp
FN:3,_ZN11ProgressBarC2Ev
FN:5,_ZN11ProgressBarC2EmPKcRSo
FN:18,_ZN11ProgressBar18SetFrequencyUpdateEm
FN:28,_ZN11ProgressBar8SetStyleEPKcS1_
FN:34,_ZN11ProgressBar15GetConsoleWidthEv
FN:51,_ZN11ProgressBar12GetBarLengthEv
FN:60,_ZN11ProgressBar13ClearBarFieldEv
FN:68,_ZN11ProgressBar10ProgressedEm
FN:104,_Z41__static_initialization_and_destruction_0ii
FN:104,_GLOBAL__sub_I__ZN11ProgressBarC2Ev
FNDA:2,_Z41__static_initialization_and_destruction_0ii
FNDA:202,_ZN11ProgressBar10ProgressedEm
FNDA:10,_ZN11ProgressBar12GetBarLengthEv
FNDA:10,_ZN11ProgressBar15GetConsoleWidthEv
FNDA:2,_GLOBAL__sub_I__ZN11ProgressBarC2Ev
FNDA:2,_ZN11ProgressBarC2Ev
FNDA:0,_ZN11ProgressBar13ClearBarFieldEv
FNDA:4,_ZN11ProgressBar18SetFrequencyUpdateEm
FNDA:2,_ZN11ProgressBar8SetStyleEPKcS1_
FNDA:4,_ZN11ProgressBarC2EmPKcRSo
FNF:10
FNH:9
DA:3,2
DA:5,4
DA:7,4
DA:8,4
DA:9,4
DA:10,4
DA:12,4
DA:13,4
DA:14,4
DA:16,4
DA:18,4
DA:20,4
DA:21,2
DA:24,2
DA:26,4
DA:28,2
DA:30,2
DA:31,2
DA:32,2
DA:34,10
DA:44,10
DA:45,10
DA:48,10
DA:51,10
DA:55,10
DA:57,10
DA:60,0
DA:62,0
DA:63,0
DA:65,0
DA:66,0
DA:68,202
DA:71,202
DA:74,404
DA:77,10
DA:80,10
DA:83,10
DA:86,10
DA:88,320
DA:89,310
DA:90,188
DA:93,122
DA:97,10
DA:99,0
DA:100,0
DA:101,0
DA:104,6
LF:47
LH:39
end_of_record
TN:
SF:/home/antonov/photon_counting/c_lib/src/utils.cpp
FN:6,_Z16seconds_to_hoursi
FN:17,_Z15float_to_stringfi
FNDA:2,_Z15float_to_stringfi
FNDA:2,_Z16seconds_to_hoursi
FNF:2
FNH:2
DA:6,2
DA:11,2
DA:12,2
DA:14,2
DA:17,2
DA:21,2
DA:22,2
DA:23,2
LF:8
LH:8
end_of_record
