TN:
SF:/home/antonov/photon_counting/csrc/include/power_kernel.hpp
FN:146,_ZN3GPU21PowerKernelParametersD2Ev
FNDA:1,_ZN3GPU21PowerKernelParametersD2Ev
FNF:1
FNH:1
DA:146,1
LF:1
LH:1
end_of_record
TN:
SF:/home/antonov/photon_counting/csrc/include/utils.hpp
FN:20,_Z11cast_arraysIsdEvPPT_PPT0_ii
FN:39,_Z19dump_arrays_to_fileIsEvPPT_iiSsSs
FN:39,_Z19dump_arrays_to_fileIdEvPPT_iiSsSs
FN:72,_Z21load_arrays_from_fileIdEvPPT_Ssii
FN:72,_Z21load_arrays_from_fileIsEvPPT_Ssii
FNDA:1,_Z19dump_arrays_to_fileIsEvPPT_iiSsSs
FNDA:1,_Z19dump_arrays_to_fileIdEvPPT_iiSsSs
FNDA:1,_Z11cast_arraysIsdEvPPT_PPT0_ii
FNDA:1,_Z21load_arrays_from_fileIdEvPPT_Ssii
FNDA:4,_Z21load_arrays_from_fileIsEvPPT_Ssii
FNF:5
FNH:5
DA:20,1
DA:32,2
DA:33,4
DA:34,3
DA:36,1
DA:39,2
DA:59,2
DA:60,2
DA:62,2
DA:63,10
DA:64,8
DA:65,28
DA:66,20
DA:68,2
DA:69,2
DA:72,5
DA:88,5
DA:89,10
DA:90,5
DA:93,10
DA:94,5
DA:95,31
DA:98,23
DA:99,23
DA:100,16
DA:102,52
DA:103,36
DA:104,36
DA:107,16
DA:110,23
DA:111,23
DA:113,4
DA:114,1
DA:116,3
DA:117,1
DA:121,1
DA:122,5
DA:123,2
LF:38
LH:38
end_of_record
TN:
SF:/home/antonov/photon_counting/csrc/src/gpu_utils.cpp
FN:12,_Z20fetch_gpu_parametersv
FNDA:2,_Z20fetch_gpu_parametersv
FNF:1
FNH:1
DA:12,2
DA:15,2
DA:23,2
DA:30,2
DA:70,2
LF:5
LH:5
end_of_record
TN:
SF:/home/antonov/photon_counting/csrc/src/ia_ADQAPI.cpp
FN:10,GetMaxNofSamplesFromNofRecords
FN:16,GetMaxNofRecordsFromNofSamples
FN:23,master_setup
FN:74,fetch_channel_data
FNDA:1,fetch_channel_data
FNDA:2,GetMaxNofRecordsFromNofSamples
FNDA:1,GetMaxNofSamplesFromNofRecords
FNDA:3,master_setup
FNF:4
FNH:4
DA:10,1
DA:11,1
DA:12,1
DA:13,1
DA:16,2
DA:17,2
DA:18,2
DA:19,2
DA:23,3
DA:26,3
DA:27,3
DA:30,3
DA:31,3
DA:32,0
DA:37,3
DA:41,3
DA:44,3
DA:46,0
DA:50,3
DA:53,3
DA:54,3
DA:57,0
DA:59,0
DA:61,0
DA:63,3
DA:66,3
DA:68,3
DA:74,1
DA:81,1
DA:82,1
DA:85,6
DA:88,4
DA:93,1
DA:105,1
DA:106,1
DA:109,1
LF:36
LH:31
end_of_record
TN:
SF:/home/antonov/photon_counting/csrc/src/power_kernel_cpu.cpp
FN:13,_Z17reduction_averagePPjPPdjii
FN:51,_Z36power_kernel_v1_no_background_runnerPsS_PPjii
FN:63,_ZN3CPU29power_kernel_v1_no_backgroundEPsS0_PPdjiii
FN:114,_Z39power_kernel_v2_const_background_runnerPsS_PPjssii
FN:128,_ZN3CPU32power_kernel_v2_const_backgroundEPsS0_PPdjssiii
FN:183,_Z33power_kernel_v3_background_runnerPsS_PPjS_S_iiPi
FN:198,_ZN3CPU26power_kernel_v3_backgroundEPsS0_PPdjS0_S0_iii
FN:255,_Z41__static_initialization_and_destruction_0ii
FN:255,_GLOBAL__sub_I__Z17reduction_averagePPjPPdjii
FNDA:1,_Z41__static_initialization_and_destruction_0ii
FNDA:0,_ZN3CPU32power_kernel_v2_const_backgroundEPsS0_PPdjssiii
FNDA:1,_ZN3CPU29power_kernel_v1_no_backgroundEPsS0_PPdjiii
FNDA:0,_Z39power_kernel_v2_const_background_runnerPsS_PPjssii
FNDA:4,_Z36power_kernel_v1_no_background_runnerPsS_PPjii
FNDA:1,_GLOBAL__sub_I__Z17reduction_averagePPjPPdjii
FNDA:1,_Z17reduction_averagePPjPPdjii
FNDA:0,_Z33power_kernel_v3_background_runnerPsS_PPjS_S_iiPi
FNDA:0,_ZN3CPU26power_kernel_v3_backgroundEPsS0_PPdjS0_S0_iii
FNF:9
FNH:5
DA:13,1
DA:39,4
DA:40,12
DA:41,9
DA:42,9
DA:43,9
DA:45,3
DA:46,3
DA:47,3
DA:49,1
DA:51,4
DA:55,16
DA:56,12
DA:57,12
DA:58,12
DA:61,4
DA:63,1
DA:73,1
DA:76,1
DA:77,4
DA:78,3
DA:81,1
DA:82,1
DA:83,1
DA:86,4
DA:87,6
DA:90,6
DA:91,3
DA:93,2
DA:96,1
DA:99,5
DA:100,4
DA:105,1
DA:108,4
DA:109,3
DA:110,1
DA:111,1
DA:112,1
DA:114,0
DA:119,0
DA:120,0
DA:121,0
DA:122,0
DA:123,0
DA:124,0
DA:126,0
DA:128,0
DA:139,0
DA:142,0
DA:143,0
DA:144,0
DA:147,0
DA:148,0
DA:149,0
DA:152,0
DA:153,0
DA:157,0
DA:158,0
DA:160,0
DA:164,0
DA:167,0
DA:168,0
DA:173,0
DA:176,0
DA:177,0
DA:178,0
DA:179,0
DA:181,0
DA:183,0
DA:188,0
DA:190,0
DA:191,0
DA:192,0
DA:193,0
DA:194,0
DA:196,0
DA:198,0
DA:206,0
DA:209,0
DA:210,0
DA:211,0
DA:214,0
DA:215,0
DA:216,0
DA:217,0
DA:222,0
DA:223,0
DA:224,0
DA:227,0
DA:228,0
DA:232,0
DA:233,0
DA:235,0
DA:239,0
DA:242,0
DA:243,0
DA:248,0
DA:251,0
DA:252,0
DA:253,0
DA:254,0
DA:255,3
LF:102
LH:39
end_of_record
TN:
SF:/home/antonov/photon_counting/csrc/src/power_kernel_gpu_utils.cpp
FN:10,_ZN3GPU21PowerKernelParametersC2EiiSsii
FN:26,_ZN3GPU21PowerKernelParameters5printEv
FN:42,_ZN3GPU23fetch_kernel_parametersEv
FN:56,_ZN3GPU22allocate_memory_on_gpuEPPsS1_PPdS3_S3_S3_S3_
FN:88,_ZN3GPU18free_memory_on_gpuEPPsS1_PPdS3_S3_S3_S3_
FNDA:1,_ZN3GPU18free_memory_on_gpuEPPsS1_PPdS3_S3_S3_S3_
FNDA:1,_ZN3GPU22allocate_memory_on_gpuEPPsS1_PPdS3_S3_S3_S3_
FNDA:1,_ZN3GPU23fetch_kernel_parametersEv
FNDA:1,_ZN3GPU21PowerKernelParameters5printEv
FNDA:1,_ZN3GPU21PowerKernelParametersC2EiiSsii
FNF:5
FNH:5
DA:10,1
DA:16,1
DA:17,1
DA:18,1
DA:19,1
DA:20,1
DA:21,1
DA:23,1
DA:24,1
DA:26,1
DA:40,1
DA:42,1
DA:52,1
DA:56,1
DA:66,1
DA:68,1
DA:70,1
DA:72,1
DA:74,1
DA:76,1
DA:78,1
DA:80,1
DA:82,1
DA:85,1
DA:88,1
DA:98,1
DA:99,1
DA:100,1
DA:101,1
DA:102,1
DA:103,1
DA:104,1
DA:105,1
DA:106,1
DA:107,0
DA:110,1
LF:36
LH:35
end_of_record
TN:
SF:/home/antonov/photon_counting/csrc/src/progress_bar.cpp
FN:3,_ZN11ProgressBarC2Ev
FN:5,_ZN11ProgressBarC2EmPKcRSo
FN:18,_ZN11ProgressBar18SetFrequencyUpdateEm
FN:28,_ZN11ProgressBar8SetStyleEPKcS1_
FN:34,_ZN11ProgressBar15GetConsoleWidthEv
FN:51,_ZN11ProgressBar12GetBarLengthEv
FN:60,_ZN11ProgressBar13ClearBarFieldEv
FN:68,_ZN11ProgressBar10ProgressedEm
FN:104,_Z41__static_initialization_and_destruction_0ii
FN:104,_GLOBAL__sub_I__ZN11ProgressBarC2Ev
FNDA:1,_Z41__static_initialization_and_destruction_0ii
FNDA:101,_ZN11ProgressBar10ProgressedEm
FNDA:5,_ZN11ProgressBar12GetBarLengthEv
FNDA:5,_ZN11ProgressBar15GetConsoleWidthEv
FNDA:1,_GLOBAL__sub_I__ZN11ProgressBarC2Ev
FNDA:1,_ZN11ProgressBarC2Ev
FNDA:0,_ZN11ProgressBar13ClearBarFieldEv
FNDA:2,_ZN11ProgressBar18SetFrequencyUpdateEm
FNDA:1,_ZN11ProgressBar8SetStyleEPKcS1_
FNDA:2,_ZN11ProgressBarC2EmPKcRSo
FNF:10
FNH:9
DA:3,1
DA:5,2
DA:7,2
DA:8,2
DA:9,2
DA:10,2
DA:12,2
DA:13,2
DA:14,2
DA:16,2
DA:18,2
DA:20,2
DA:21,1
DA:24,1
DA:26,2
DA:28,1
DA:30,1
DA:31,1
DA:32,1
DA:34,5
DA:44,5
DA:45,5
DA:48,5
DA:51,5
DA:55,5
DA:57,5
DA:60,0
DA:62,0
DA:63,0
DA:65,0
DA:66,0
DA:68,101
DA:71,101
DA:74,202
DA:77,5
DA:80,5
DA:83,5
DA:86,5
DA:88,545
DA:89,540
DA:90,323
DA:93,217
DA:97,5
DA:99,0
DA:100,0
DA:101,0
DA:104,3
LF:47
LH:39
end_of_record
TN:
SF:/home/antonov/photon_counting/csrc/src/utils.cpp
FN:6,_Z16seconds_to_hoursi
FN:17,_Z15float_to_stringfi
FNDA:1,_Z15float_to_stringfi
FNDA:1,_Z16seconds_to_hoursi
FNF:2
FNH:2
DA:6,1
DA:11,1
DA:12,1
DA:14,1
DA:17,1
DA:21,1
DA:22,1
DA:23,1
LF:8
LH:8
end_of_record
